
> proposal-tool@1.0.0 prestart
> npm install --prefix backend && npm install --prefix frontend


up to date, audited 112 packages in 827ms

18 packages are looking for funding
  run `npm fund` for details

4 vulnerabilities (3 high, 1 critical)

To address issues that do not require attention, run:
  npm audit fix

To address all issues (including breaking changes), run:
  npm audit fix --force

Run `npm audit` for details.

up to date, audited 1512 packages in 3s

275 packages are looking for funding
  run `npm fund` for details

11 vulnerabilities (2 low, 3 moderate, 6 high)

To address issues that do not require attention, run:
  npm audit fix

To address all issues (including breaking changes), run:
  npm audit fix --force

Run `npm audit` for details.

> proposal-tool@1.0.0 start
> npm start --prefix backend & npm start --prefix frontend


> proposal-tool-backend@1.0.0 start
> node server.js


> proposal-tool-frontend@0.1.0 start
> PORT=3002 react-scripts start

node:events:496
      throw er; // Unhandled 'error' event
      ^

Error: listen EADDRINUSE: address already in use :::3001
    at Server.setupListenHandle [as _listen2] (node:net:1940:16)
    at listenInCluster (node:net:1997:12)
    at Server.listen (node:net:2102:7)
    at Function.listen (/workspaces/StrategyContent/proposal-tool/backend/node_modules/express/lib/application.js:635:24)
    at Object.<anonymous> (/workspaces/StrategyContent/proposal-tool/backend/server.js:187:5)
    at Module._compile (node:internal/modules/cjs/loader:1730:14)
    at Object..js (node:internal/modules/cjs/loader:1895:10)
    at Module.load (node:internal/modules/cjs/loader:1465:32)
    at Function._load (node:internal/modules/cjs/loader:1282:12)
    at TracingChannel.traceSync (node:diagnostics_channel:322:14)
Emitted 'error' event on Server instance at:
    at emitErrorNT (node:net